<?xml version="1.0" encoding="UTF-8"?>
<beans xmlns="http://www.springframework.org/schema/beans"
  xmlns:xsi="http://www.w3.org/2001/XMLSchema-instance" xmlns:p="http://www.springframework.org/schema/p"
  xmlns:lang="http://www.springframework.org/schema/lang"
  xmlns:context="http://www.springframework.org/schema/context"
  xmlns:jdbc="http://www.springframework.org/schema/jdbc"
  xsi:schemaLocation="
        http://www.springframework.org/schema/beans 
        http://www.springframework.org/schema/beans/spring-beans-3.0.xsd
        http://www.springframework.org/schema/context 
        http://www.springframework.org/schema/context/spring-context-3.0.xsd
        http://www.springframework.org/schema/jdbc
        http://www.springframework.org/schema/jdbc/spring-jdbc-3.0.xsd
        http://www.springframework.org/schema/lang 
        http://www.springframework.org/schema/lang/spring-lang-3.0.xsd" default-autowire="byType">

  <bean class="in.hashed.longtail.util.SystemEnvPropertyConfigurer">
    <property name="propertyName" value="project" />
  </bean>

  <bean id="mysqlDataSource" class="org.apache.commons.dbcp.BasicDataSource" destroy-method="close" lazy-init="true">
    <property name="driverClassName" value="${mysql.jdbc.driver}"/>
    <property name="url" value="jdbc:mysql://localhost:3306/longtail_test?useUnicode=true&amp;characterEncoding=UTF-8"/>
    <property name="username" value="${mysql.jdbc.username}"/>
    <property name="password" value="${mysql.jdbc.password}"/>
    <property name="validationQuery" value="SELECT 1"/>
    <property name="testOnBorrow" value="true"/>
  </bean>
  
</beans>